*** Using Compiler 'V5.06 update 5 (build 528)', folder: 'D:\Program Files (x86)\Keli5\ARM\ARMCC\Bin'
Rebuild target 'VehicleController'
assembling startup_stm32f10x_md.s...
compiling core_cm3.c...
compiling stm32f10x_bkp.c...
compiling system_stm32f10x.c...
compiling stm32f10x_adc.c...
compiling misc.c...
compiling stm32f10x_can.c...
compiling stm32f10x_cec.c...
compiling stm32f10x_crc.c...
compiling stm32f10x_dbgmcu.c...
compiling stm32f10x_dac.c...
compiling stm32f10x_exti.c...
compiling stm32f10x_dma.c...
compiling stm32f10x_fsmc.c...
compiling stm32f10x_flash.c...
compiling stm32f10x_gpio.c...
compiling stm32f10x_i2c.c...
compiling stm32f10x_iwdg.c...
compiling stm32f10x_pwr.c...
compiling stm32f10x_rtc.c...
compiling stm32f10x_sdio.c...
compiling stm32f10x_rcc.c...
compiling stm32f10x_spi.c...
compiling stm32f10x_wwdg.c...
compiling delay.c...
compiling stm32f10x_usart.c...
compiling usart.c...
compiling stm32f10x_tim.c...
compiling sys.c...
compiling app_motor.c...
Hardware\Run\app_motor.c(53): warning:  #1294-D: Old-style function LeftMotorPWM
  void LeftMotorPWM(Speed) {
Hardware\Run\app_motor.c(53): warning:  #1079-D: standard requires that parameter "Speed"  be given a type by a subsequent declaration ("int" assumed)
  void LeftMotorPWM(Speed) {
Hardware\Run\app_motor.c(57): warning:  #1294-D: Old-style function RightMotorPWM
  void RightMotorPWM(Speed) {
Hardware\Run\app_motor.c(57): warning:  #1079-D: standard requires that parameter "Speed"  be given a type by a subsequent declaration ("int" assumed)
  void RightMotorPWM(Speed) {
Hardware\Run\app_motor.c: 4 warnings, 0 errors
compiling bsp.c...
compiling bsp_gpio.c...
compiling bsp_ultrasonic.c...
compiling bsp_motor.c...
compiling app_ultrasonic.c...
compiling spi.c...
compiling 24l01.c...
compiling MySPI.c...
compiling NRF24L01.c...
Hardware\MyNRF\NRF24L01.c(227): warning:  #223-D: function "printf" declared implicitly
  	printf("%d\r\n",status);
Hardware\MyNRF\NRF24L01.c: 1 warning, 0 errors
compiling stm32f10x_it.c...
compiling main.c...
User\main.c(61): error:  #20: identifier "TX_DX" is undefined
          if (NRF24L01_TxPacket(text) == TX_DX) {
User\main.c: 0 warnings, 1 error
".\Objects\Project.axf" - 1 Error(s), 5 Warning(s).
Target not created.
Build Time Elapsed:  00:00:10
